<?xml version="1.0" encoding="UTF-8"?>
<!-- Generated by org.testng.reporters.JUnitXMLReporter -->
<testsuite ignored="0" hostname="LAPTOP-8I95HA30" failures="0" tests="1" name="Test-Runner-Firefox" time="29.87" errors="0" timestamp="2023-10-13T20:06:39 IST">
  <testcase classname="contactsTests.CreateContact" name="contactCreate" time="14.278"/>
</testsuite> <!-- Test-Runner-Firefox -->
