<?xml version="1.0" encoding="UTF-8"?>
<!-- Generated by org.testng.reporters.JUnitXMLReporter -->
<testsuite ignored="0" hostname="LAPTOP-8I95HA30" failures="0" tests="1" name="Test-Runner-1" time="51.014" errors="0" timestamp="2023-10-11T20:40:07 IST">
  <testcase classname="contactsTests.CreateContactWithOrganizationTest" name="CreateContactWithOrgTest" time="34.657"/>
</testsuite> <!-- Test-Runner-1 -->
