<?xml version="1.0" encoding="UTF-8"?>
<!-- Generated by org.testng.reporters.JUnitXMLReporter -->
<testsuite ignored="0" hostname="LAPTOP-8I95HA30" failures="0" tests="1" name="Test-Runner-2" time="36.466" errors="0" timestamp="2023-10-11T20:39:52 IST">
  <testcase classname="contactsTests.CreateContact" name="contactCreate" time="18.83"/>
</testsuite> <!-- Test-Runner-2 -->
