<?xml version="1.0" encoding="UTF-8"?>
<!-- Generated by org.testng.reporters.JUnitReportReporter -->
<testsuite hostname="LAPTOP-8I95HA30" failures="0" tests="3" name="practice.DataProviderPractice" time="0.010" errors="0" timestamp="2023-10-05T20:20:56 IST" skipped="0">
  <testcase classname="practice.DataProviderPractice" name="addProductToCart" time="0.008"/>
  <system-out/>
  <testcase classname="practice.DataProviderPractice" name="addProductToCart" time="0.001"/>
  <system-out/>
  <testcase classname="practice.DataProviderPractice" name="addProductToCart" time="0.001"/>
  <system-out/>
</testsuite> <!-- practice.DataProviderPractice -->
