<?xml version="1.0" encoding="UTF-8"?>
<!-- Generated by org.testng.reporters.JUnitReportReporter -->
<testsuite hostname="LAPTOP-8I95HA30" failures="0" tests="1" name="organizationTests.CreateOrganizationWithIndustry" time="44.416" errors="0" timestamp="2023-10-06T23:42:45 IST" skipped="0">
  <testcase classname="organizationTests.CreateOrganizationWithIndustry" name="organizationCreateWithIndustry" time="44.416"/>
  <system-out/>
</testsuite> <!-- organizationTests.CreateOrganizationWithIndustry -->
