<?xml version="1.0" encoding="UTF-8"?>
<!-- Generated by org.testng.reporters.JUnitReportReporter -->
<testsuite hostname="LAPTOP-8I95HA30" failures="0" tests="1" name="organizationTests.CreateOrganization" time="17.874" errors="0" timestamp="2023-10-10T20:53:00 IST" skipped="0">
  <testcase classname="organizationTests.CreateOrganization" name="organizationCreate" time="17.874"/>
  <system-out/>
</testsuite> <!-- organizationTests.CreateOrganization -->
